10: 2.276e+00
20: 2.268e+00
30: 2.268e+00
40: 2.033e+00
50: 2.507e+00
60: 2.507e+00
70: 3.367e+00
80: 3.367e+00
90: 3.367e+00
100: 3.451e+00
110: 3.451e+00
120: 3.451e+00
130: 3.523e+00
140: 3.523e+00
150: 3.523e+00
160: 3.601e+00
170: 3.679e+00
180: 3.740e+00
190: 3.740e+00
200: 3.740e+00
210: 3.103e+00
220: 3.436e+00
230: 3.462e+00
240: 3.462e+00
250: 3.544e+00
260: 3.544e+00
270: 3.553e+00
280: 3.553e+00
290: 3.626e+00
300: 3.626e+00
310: 3.631e+00
320: 3.636e+00
330: 3.635e+00
340: 3.660e+00
350: 3.660e+00
360: 3.687e+00
370: 3.687e+00
380: 3.687e+00
390: 3.738e+00
400: 3.779e+00
410: 3.824e+00
420: 3.833e+00
430: 3.859e+00
440: 3.859e+00
450: 3.859e+00
460: 3.863e+00
470: 3.863e+00
480: 3.886e+00
490: 3.886e+00
500: 3.928e+00
