10: 1.193e+00
20: 1.194e+00
30: 1.194e+00
40: 1.376e+00
50: 1.404e+00
60: 1.404e+00
70: 1.410e+00
80: 1.410e+00
90: 1.410e+00
100: 1.447e+00
110: 1.447e+00
120: 1.447e+00
130: 1.484e+00
140: 1.484e+00
150: 1.484e+00
160: 1.519e+00
170: 1.569e+00
180: 1.603e+00
190: 1.603e+00
200: 1.603e+00
210: 1.477e+00
220: 1.599e+00
230: 1.615e+00
240: 1.615e+00
250: 1.661e+00
260: 1.661e+00
270: 1.671e+00
280: 1.671e+00
290: 1.714e+00
300: 1.714e+00
310: 1.719e+00
320: 1.715e+00
330: 1.719e+00
340: 1.681e+00
350: 1.681e+00
360: 1.704e+00
370: 1.704e+00
380: 1.704e+00
390: 1.734e+00
400: 1.760e+00
410: 1.795e+00
420: 1.806e+00
430: 1.823e+00
440: 1.823e+00
450: 1.823e+00
460: 1.830e+00
470: 1.830e+00
480: 1.843e+00
490: 1.843e+00
500: 1.852e+00
