10: 1.568e+00
20: 1.570e+00
30: 1.570e+00
40: 1.618e+00
50: 1.634e+00
60: 1.634e+00
70: 1.789e+00
80: 1.789e+00
90: 1.789e+00
100: 1.820e+00
110: 1.820e+00
120: 1.820e+00
130: 1.846e+00
140: 1.846e+00
150: 1.846e+00
160: 1.871e+00
170: 1.897e+00
180: 1.913e+00
190: 1.913e+00
200: 1.913e+00
210: 1.869e+00
220: 1.974e+00
230: 1.983e+00
240: 1.983e+00
250: 2.010e+00
260: 2.010e+00
270: 2.013e+00
280: 2.013e+00
290: 2.035e+00
300: 2.035e+00
310: 2.034e+00
320: 2.034e+00
330: 2.035e+00
340: 2.028e+00
350: 2.028e+00
360: 2.040e+00
370: 2.040e+00
380: 2.040e+00
390: 2.058e+00
400: 2.072e+00
410: 2.089e+00
420: 2.093e+00
430: 2.101e+00
440: 2.101e+00
450: 2.101e+00
460: 2.103e+00
470: 2.103e+00
480: 2.109e+00
490: 2.109e+00
500: 2.109e+00
