10: 1.284e+00
20: 1.285e+00
30: 1.285e+00
40: 1.342e+00
50: 1.359e+00
60: 1.359e+00
70: 1.552e+00
80: 1.552e+00
90: 1.552e+00
100: 1.574e+00
110: 1.574e+00
120: 1.574e+00
130: 1.593e+00
140: 1.593e+00
150: 1.593e+00
160: 1.610e+00
170: 1.629e+00
180: 1.642e+00
190: 1.642e+00
200: 1.642e+00
210: 1.540e+00
220: 1.591e+00
230: 1.595e+00
240: 1.595e+00
250: 1.605e+00
260: 1.605e+00
270: 1.606e+00
280: 1.606e+00
290: 1.611e+00
300: 1.611e+00
310: 1.609e+00
320: 1.610e+00
330: 1.608e+00
340: 1.613e+00
350: 1.613e+00
360: 1.620e+00
370: 1.620e+00
380: 1.620e+00
390: 1.625e+00
400: 1.630e+00
410: 1.636e+00
420: 1.638e+00
430: 1.639e+00
440: 1.639e+00
450: 1.639e+00
460: 1.639e+00
470: 1.639e+00
480: 1.639e+00
490: 1.639e+00
500: 1.634e+00
