10: 1.489e+00
20: 1.491e+00
30: 1.491e+00
40: 1.537e+00
50: 1.552e+00
60: 1.552e+00
70: 1.724e+00
80: 1.724e+00
90: 1.724e+00
100: 1.760e+00
110: 1.760e+00
120: 1.760e+00
130: 1.790e+00
140: 1.790e+00
150: 1.790e+00
160: 1.820e+00
170: 1.850e+00
180: 1.868e+00
190: 1.868e+00
200: 1.868e+00
210: 1.820e+00
220: 1.943e+00
230: 1.954e+00
240: 1.954e+00
250: 1.986e+00
260: 1.986e+00
270: 1.990e+00
280: 1.990e+00
290: 2.016e+00
300: 2.016e+00
310: 2.016e+00
320: 2.016e+00
330: 2.016e+00
340: 2.010e+00
350: 2.010e+00
360: 2.025e+00
370: 2.025e+00
380: 2.025e+00
390: 2.047e+00
400: 2.065e+00
410: 2.086e+00
420: 2.091e+00
430: 2.101e+00
440: 2.101e+00
450: 2.101e+00
460: 2.104e+00
470: 2.104e+00
480: 2.112e+00
490: 2.112e+00
500: 2.113e+00
