10: 9.993e-01
20: 9.994e-01
30: 9.995e-01
40: 9.982e-01
50: 9.982e-01
60: 9.992e-01
70: 1.004e+00
80: 1.005e+00
90: 1.006e+00
100: 1.006e+00
110: 1.006e+00
120: 1.006e+00
130: 1.006e+00
140: 1.006e+00
150: 1.006e+00
160: 1.006e+00
170: 1.006e+00
180: 1.006e+00
190: 1.006e+00
200: 1.006e+00
210: 1.006e+00
220: 1.006e+00
230: 1.006e+00
240: 1.007e+00
250: 1.007e+00
260: 1.007e+00
270: 1.007e+00
280: 1.007e+00
290: 1.007e+00
300: 1.007e+00
310: 1.007e+00
320: 1.008e+00
330: 1.008e+00
340: 1.012e+00
350: 1.013e+00
360: 1.013e+00
370: 1.013e+00
380: 1.013e+00
390: 1.013e+00
400: 1.014e+00
410: 1.014e+00
420: 1.014e+00
430: 1.014e+00
440: 1.014e+00
450: 1.014e+00
460: 1.015e+00
470: 1.015e+00
480: 1.015e+00
490: 1.015e+00
500: 1.017e+00
