10: 1.040e+00
20: 1.040e+00
30: 1.040e+00
40: 1.067e+00
50: 1.074e+00
60: 1.074e+00
70: 1.073e+00
80: 1.073e+00
90: 1.073e+00
100: 1.082e+00
110: 1.082e+00
120: 1.082e+00
130: 1.090e+00
140: 1.090e+00
150: 1.090e+00
160: 1.098e+00
170: 1.107e+00
180: 1.113e+00
190: 1.113e+00
200: 1.113e+00
210: 1.109e+00
220: 1.139e+00
230: 1.143e+00
240: 1.143e+00
250: 1.153e+00
260: 1.153e+00
270: 1.155e+00
280: 1.155e+00
290: 1.165e+00
300: 1.165e+00
310: 1.166e+00
320: 1.165e+00
330: 1.166e+00
340: 1.154e+00
350: 1.154e+00
360: 1.159e+00
370: 1.159e+00
380: 1.159e+00
390: 1.165e+00
400: 1.171e+00
410: 1.179e+00
420: 1.181e+00
430: 1.185e+00
440: 1.185e+00
450: 1.185e+00
460: 1.187e+00
470: 1.187e+00
480: 1.190e+00
490: 1.190e+00
500: 1.192e+00
