10: 1.063e+00
20: 1.064e+00
30: 1.064e+00
40: 1.112e+00
50: 1.122e+00
60: 1.122e+00
70: 1.136e+00
80: 1.137e+00
90: 1.137e+00
100: 1.149e+00
110: 1.149e+00
120: 1.149e+00
130: 1.160e+00
140: 1.160e+00
150: 1.160e+00
160: 1.172e+00
170: 1.186e+00
180: 1.196e+00
190: 1.196e+00
200: 1.196e+00
210: 1.187e+00
220: 1.222e+00
230: 1.227e+00
240: 1.227e+00
250: 1.240e+00
260: 1.240e+00
270: 1.243e+00
280: 1.243e+00
290: 1.256e+00
300: 1.256e+00
310: 1.257e+00
320: 1.256e+00
330: 1.257e+00
340: 1.244e+00
350: 1.244e+00
360: 1.250e+00
370: 1.250e+00
380: 1.250e+00
390: 1.259e+00
400: 1.267e+00
410: 1.277e+00
420: 1.280e+00
430: 1.284e+00
440: 1.284e+00
450: 1.284e+00
460: 1.286e+00
470: 1.286e+00
480: 1.290e+00
490: 1.290e+00
500: 1.293e+00
