10: 2.077e+00
20: 2.073e+00
30: 2.073e+00
40: 1.891e+00
50: 2.022e+00
60: 2.022e+00
70: 2.577e+00
80: 2.577e+00
90: 2.577e+00
100: 2.673e+00
110: 2.673e+00
120: 2.673e+00
130: 2.753e+00
140: 2.753e+00
150: 2.753e+00
160: 2.825e+00
170: 2.903e+00
180: 2.939e+00
190: 2.939e+00
200: 2.939e+00
210: 3.444e+00
220: 3.624e+00
230: 3.639e+00
240: 3.639e+00
250: 3.687e+00
260: 3.687e+00
270: 3.691e+00
280: 3.691e+00
290: 3.731e+00
300: 3.731e+00
310: 3.730e+00
320: 3.732e+00
330: 3.730e+00
340: 3.733e+00
350: 3.733e+00
360: 3.753e+00
370: 3.753e+00
380: 3.753e+00
390: 3.786e+00
400: 3.813e+00
410: 3.840e+00
420: 3.845e+00
430: 3.860e+00
440: 3.860e+00
450: 3.860e+00
460: 3.860e+00
470: 3.860e+00
480: 3.872e+00
490: 3.872e+00
500: 3.889e+00
