10: 1.091e+00
20: 1.092e+00
30: 1.092e+00
40: 1.139e+00
50: 1.223e+00
60: 1.223e+00
70: 1.264e+00
80: 1.264e+00
90: 1.264e+00
100: 1.275e+00
110: 1.275e+00
120: 1.275e+00
130: 1.285e+00
140: 1.285e+00
150: 1.285e+00
160: 1.292e+00
170: 1.303e+00
180: 1.309e+00
190: 1.309e+00
200: 1.309e+00
210: 1.252e+00
220: 1.272e+00
230: 1.273e+00
240: 1.273e+00
250: 1.275e+00
260: 1.275e+00
270: 1.274e+00
280: 1.274e+00
290: 1.272e+00
300: 1.272e+00
310: 1.270e+00
320: 1.272e+00
330: 1.270e+00
340: 1.287e+00
350: 1.287e+00
360: 1.291e+00
370: 1.291e+00
380: 1.291e+00
390: 1.292e+00
400: 1.292e+00
410: 1.293e+00
420: 1.293e+00
430: 1.292e+00
440: 1.292e+00
450: 1.292e+00
460: 1.291e+00
470: 1.291e+00
480: 1.289e+00
490: 1.289e+00
500: 1.278e+00
