10: 2.435e+00
20: 2.426e+00
30: 2.426e+00
40: 2.175e+00
50: 2.693e+00
60: 2.693e+00
70: 3.657e+00
80: 3.657e+00
90: 3.657e+00
100: 3.746e+00
110: 3.746e+00
120: 3.746e+00
130: 3.821e+00
140: 3.821e+00
150: 3.821e+00
160: 3.901e+00
170: 3.982e+00
180: 4.043e+00
190: 4.043e+00
200: 4.043e+00
210: 3.385e+00
220: 3.740e+00
230: 3.767e+00
240: 3.767e+00
250: 3.852e+00
260: 3.852e+00
270: 3.861e+00
280: 3.861e+00
290: 3.936e+00
300: 3.936e+00
310: 3.940e+00
320: 3.946e+00
330: 3.945e+00
340: 3.968e+00
350: 3.968e+00
360: 3.996e+00
370: 3.996e+00
380: 3.996e+00
390: 4.047e+00
400: 4.089e+00
410: 4.135e+00
420: 4.143e+00
430: 4.168e+00
440: 4.168e+00
450: 4.168e+00
460: 4.173e+00
470: 4.173e+00
480: 4.195e+00
490: 4.195e+00
500: 4.236e+00
