10: 1.027e+00
20: 1.027e+00
30: 1.027e+00
40: 1.040e+00
50: 1.039e+00
60: 1.039e+00
70: 1.045e+00
80: 1.045e+00
90: 1.045e+00
100: 1.050e+00
110: 1.050e+00
120: 1.050e+00
130: 1.054e+00
140: 1.054e+00
150: 1.054e+00
160: 1.059e+00
170: 1.065e+00
180: 1.069e+00
190: 1.069e+00
200: 1.069e+00
210: 1.061e+00
220: 1.078e+00
230: 1.081e+00
240: 1.081e+00
250: 1.087e+00
260: 1.087e+00
270: 1.088e+00
280: 1.088e+00
290: 1.095e+00
300: 1.095e+00
310: 1.095e+00
320: 1.094e+00
330: 1.095e+00
340: 1.088e+00
350: 1.088e+00
360: 1.090e+00
370: 1.090e+00
380: 1.090e+00
390: 1.095e+00
400: 1.098e+00
410: 1.103e+00
420: 1.104e+00
430: 1.107e+00
440: 1.107e+00
450: 1.107e+00
460: 1.108e+00
470: 1.108e+00
480: 1.110e+00
490: 1.110e+00
500: 1.111e+00
