10: 1.093e+00
20: 1.095e+00
30: 1.095e+00
40: 1.152e+00
50: 1.230e+00
60: 1.230e+00
70: 1.260e+00
80: 1.260e+00
90: 1.260e+00
100: 1.269e+00
110: 1.269e+00
120: 1.269e+00
130: 1.277e+00
140: 1.277e+00
150: 1.277e+00
160: 1.284e+00
170: 1.292e+00
180: 1.296e+00
190: 1.296e+00
200: 1.296e+00
210: 1.248e+00
220: 1.266e+00
230: 1.266e+00
240: 1.266e+00
250: 1.268e+00
260: 1.268e+00
270: 1.267e+00
280: 1.267e+00
290: 1.266e+00
300: 1.266e+00
310: 1.264e+00
320: 1.266e+00
330: 1.264e+00
340: 1.279e+00
350: 1.279e+00
360: 1.282e+00
370: 1.282e+00
380: 1.282e+00
390: 1.283e+00
400: 1.284e+00
410: 1.284e+00
420: 1.285e+00
430: 1.283e+00
440: 1.283e+00
450: 1.283e+00
460: 1.283e+00
470: 1.283e+00
480: 1.281e+00
490: 1.281e+00
500: 1.272e+00
