10: 1.018e+00
20: 1.019e+00
30: 1.019e+00
40: 1.035e+00
50: 1.037e+00
60: 1.037e+00
70: 1.032e+00
80: 1.032e+00
90: 1.032e+00
100: 1.035e+00
110: 1.035e+00
120: 1.035e+00
130: 1.038e+00
140: 1.038e+00
150: 1.038e+00
160: 1.041e+00
170: 1.045e+00
180: 1.047e+00
190: 1.047e+00
200: 1.047e+00
210: 1.034e+00
220: 1.038e+00
230: 1.039e+00
240: 1.039e+00
250: 1.041e+00
260: 1.041e+00
270: 1.042e+00
280: 1.042e+00
290: 1.044e+00
300: 1.044e+00
310: 1.043e+00
320: 1.042e+00
330: 1.043e+00
340: 1.028e+00
350: 1.029e+00
360: 1.030e+00
370: 1.030e+00
380: 1.030e+00
390: 1.032e+00
400: 1.033e+00
410: 1.034e+00
420: 1.035e+00
430: 1.035e+00
440: 1.035e+00
450: 1.035e+00
460: 1.035e+00
470: 1.035e+00
480: 1.036e+00
490: 1.036e+00
500: 1.031e+00
