10: 2.395e+00
20: 2.390e+00
30: 2.390e+00
40: 2.170e+00
50: 2.356e+00
60: 2.356e+00
70: 3.025e+00
80: 3.025e+00
90: 3.025e+00
100: 3.146e+00
110: 3.146e+00
120: 3.146e+00
130: 3.245e+00
140: 3.245e+00
150: 3.245e+00
160: 3.337e+00
170: 3.437e+00
180: 3.484e+00
190: 3.484e+00
200: 3.484e+00
210: 4.091e+00
220: 4.323e+00
230: 4.344e+00
240: 4.344e+00
250: 4.406e+00
260: 4.406e+00
270: 4.412e+00
280: 4.412e+00
290: 4.465e+00
300: 4.465e+00
310: 4.465e+00
320: 4.468e+00
330: 4.466e+00
340: 4.479e+00
350: 4.479e+00
360: 4.505e+00
370: 4.505e+00
380: 4.505e+00
390: 4.549e+00
400: 4.585e+00
410: 4.623e+00
420: 4.630e+00
430: 4.650e+00
440: 4.650e+00
450: 4.650e+00
460: 4.652e+00
470: 4.652e+00
480: 4.669e+00
490: 4.669e+00
500: 4.694e+00
