10: 1.069e+00
20: 1.096e+00
30: 1.096e+00
40: 1.061e+00
50: 1.210e+00
60: 1.210e+00
70: 1.110e+00
80: 1.124e+00
90: 1.128e+00
100: 1.193e+00
110: 1.193e+00
120: 1.193e+00
130: 1.261e+00
140: 1.261e+00
150: 1.261e+00
160: 1.327e+00
170: 1.429e+00
180: 1.509e+00
190: 1.509e+00
200: 1.509e+00
210: 1.233e+00
220: 1.461e+00
230: 1.502e+00
240: 1.502e+00
250: 1.601e+00
260: 1.602e+00
270: 1.634e+00
280: 1.634e+00
290: 1.728e+00
300: 1.728e+00
310: 1.754e+00
320: 1.725e+00
330: 1.752e+00
340: 1.532e+00
350: 1.532e+00
360: 1.576e+00
370: 1.576e+00
380: 1.576e+00
390: 1.629e+00
400: 1.676e+00
410: 1.751e+00
420: 1.781e+00
430: 1.817e+00
440: 1.817e+00
450: 1.817e+00
460: 1.844e+00
470: 1.844e+00
480: 1.878e+00
490: 1.878e+00
500: 1.882e+00
