10: 1.000e+00
20: 1.000e+00
30: 1.000e+00
40: 1.000e+00
50: 1.001e+00
60: 1.001e+00
70: 1.001e+00
80: 1.001e+00
90: 1.001e+00
100: 1.001e+00
110: 1.002e+00
120: 1.002e+00
130: 1.002e+00
140: 1.002e+00
150: 1.002e+00
160: 1.002e+00
170: 1.002e+00
180: 1.003e+00
190: 1.003e+00
200: 1.003e+00
210: 1.003e+00
220: 1.004e+00
230: 1.004e+00
240: 1.004e+00
250: 1.004e+00
260: 1.003e+00
270: 1.003e+00
280: 1.003e+00
290: 1.004e+00
300: 1.004e+00
310: 1.005e+00
320: 1.005e+00
330: 1.005e+00
340: 1.005e+00
350: 1.005e+00
360: 1.005e+00
370: 1.005e+00
380: 1.006e+00
390: 1.007e+00
400: 1.009e+00
410: 1.010e+00
420: 1.011e+00
430: 1.012e+00
440: 1.013e+00
450: 1.014e+00
460: 1.014e+00
470: 1.015e+00
480: 1.016e+00
490: 1.017e+00
500: 1.018e+00
