10: 9.981e-01
20: 1.023e+00
30: 1.049e+00
40: 1.056e+00
50: 1.063e+00
60: 1.068e+00
70: 1.066e+00
80: 1.068e+00
90: 1.071e+00
100: 1.071e+00
110: 1.072e+00
120: 1.073e+00
130: 1.074e+00
140: 1.074e+00
150: 1.076e+00
160: 1.077e+00
170: 1.080e+00
180: 1.084e+00
190: 1.087e+00
200: 1.089e+00
210: 1.091e+00
220: 1.090e+00
230: 1.089e+00
240: 1.089e+00
250: 1.090e+00
260: 1.089e+00
270: 1.089e+00
280: 1.090e+00
290: 1.090e+00
300: 1.091e+00
310: 1.092e+00
320: 1.093e+00
330: 1.094e+00
340: 1.094e+00
350: 1.095e+00
360: 1.095e+00
370: 1.096e+00
380: 1.098e+00
390: 1.098e+00
400: 1.100e+00
410: 1.101e+00
420: 1.103e+00
430: 1.105e+00
440: 1.107e+00
450: 1.110e+00
460: 1.112e+00
470: 1.114e+00
480: 1.117e+00
490: 1.119e+00
500: 1.121e+00
