10: 1.000e+00
20: 1.033e+00
30: 1.078e+00
40: 1.088e+00
50: 1.100e+00
60: 1.109e+00
70: 1.110e+00
80: 1.116e+00
90: 1.120e+00
100: 1.122e+00
110: 1.125e+00
120: 1.126e+00
130: 1.129e+00
140: 1.130e+00
150: 1.133e+00
160: 1.134e+00
170: 1.139e+00
180: 1.145e+00
190: 1.150e+00
200: 1.153e+00
210: 1.156e+00
220: 1.155e+00
230: 1.155e+00
240: 1.155e+00
250: 1.156e+00
260: 1.157e+00
270: 1.157e+00
280: 1.159e+00
290: 1.159e+00
300: 1.160e+00
310: 1.162e+00
320: 1.162e+00
330: 1.164e+00
340: 1.163e+00
350: 1.163e+00
360: 1.163e+00
370: 1.162e+00
380: 1.163e+00
390: 1.163e+00
400: 1.164e+00
410: 1.165e+00
420: 1.166e+00
430: 1.167e+00
440: 1.169e+00
450: 1.171e+00
460: 1.173e+00
470: 1.175e+00
480: 1.176e+00
490: 1.177e+00
500: 1.178e+00
