10: 9.894e-01
20: 1.092e+00
30: 1.112e+00
40: 1.133e+00
50: 1.159e+00
60: 1.176e+00
70: 1.180e+00
80: 1.190e+00
90: 1.197e+00
100: 1.202e+00
110: 1.206e+00
120: 1.210e+00
130: 1.215e+00
140: 1.220e+00
150: 1.226e+00
160: 1.231e+00
170: 1.239e+00
180: 1.248e+00
190: 1.256e+00
200: 1.263e+00
210: 1.269e+00
220: 1.269e+00
230: 1.271e+00
240: 1.274e+00
250: 1.278e+00
260: 1.282e+00
270: 1.286e+00
280: 1.291e+00
290: 1.295e+00
300: 1.299e+00
310: 1.304e+00
320: 1.308e+00
330: 1.313e+00
340: 1.315e+00
350: 1.316e+00
360: 1.320e+00
370: 1.323e+00
380: 1.329e+00
390: 1.333e+00
400: 1.340e+00
410: 1.346e+00
420: 1.353e+00
430: 1.361e+00
440: 1.368e+00
450: 1.376e+00
460: 1.383e+00
470: 1.391e+00
480: 1.399e+00
490: 1.406e+00
500: 1.413e+00
