10: 1.003e+00
20: 1.152e+00
30: 1.187e+00
40: 1.221e+00
50: 1.257e+00
60: 1.282e+00
70: 1.287e+00
80: 1.303e+00
90: 1.313e+00
100: 1.319e+00
110: 1.325e+00
120: 1.331e+00
130: 1.337e+00
140: 1.344e+00
150: 1.352e+00
160: 1.358e+00
170: 1.370e+00
180: 1.384e+00
190: 1.395e+00
200: 1.404e+00
210: 1.412e+00
220: 1.410e+00
230: 1.412e+00
240: 1.416e+00
250: 1.421e+00
260: 1.425e+00
270: 1.430e+00
280: 1.436e+00
290: 1.441e+00
300: 1.446e+00
310: 1.452e+00
320: 1.458e+00
330: 1.465e+00
340: 1.466e+00
350: 1.468e+00
360: 1.472e+00
370: 1.476e+00
380: 1.482e+00
390: 1.487e+00
400: 1.494e+00
410: 1.502e+00
420: 1.510e+00
430: 1.519e+00
440: 1.528e+00
450: 1.536e+00
460: 1.545e+00
470: 1.553e+00
480: 1.562e+00
490: 1.570e+00
500: 1.578e+00
