10: 1.010e+00
20: 1.093e+00
30: 1.114e+00
40: 1.128e+00
50: 1.145e+00
60: 1.155e+00
70: 1.152e+00
80: 1.152e+00
90: 1.159e+00
100: 1.158e+00
110: 1.160e+00
120: 1.162e+00
130: 1.165e+00
140: 1.165e+00
150: 1.169e+00
160: 1.170e+00
170: 1.178e+00
180: 1.187e+00
190: 1.194e+00
200: 1.199e+00
210: 1.205e+00
220: 1.202e+00
230: 1.199e+00
240: 1.199e+00
250: 1.199e+00
260: 1.198e+00
270: 1.197e+00
280: 1.199e+00
290: 1.199e+00
300: 1.200e+00
310: 1.202e+00
320: 1.204e+00
330: 1.206e+00
340: 1.207e+00
350: 1.207e+00
360: 1.207e+00
370: 1.208e+00
380: 1.210e+00
390: 1.211e+00
400: 1.212e+00
410: 1.215e+00
420: 1.218e+00
430: 1.221e+00
440: 1.226e+00
450: 1.230e+00
460: 1.233e+00
470: 1.237e+00
480: 1.241e+00
490: 1.245e+00
500: 1.249e+00
