10: 1.001e+00
20: 1.071e+00
30: 1.103e+00
40: 1.113e+00
50: 1.127e+00
60: 1.136e+00
70: 1.130e+00
80: 1.134e+00
90: 1.138e+00
100: 1.140e+00
110: 1.142e+00
120: 1.144e+00
130: 1.146e+00
140: 1.149e+00
150: 1.151e+00
160: 1.153e+00
170: 1.158e+00
180: 1.163e+00
190: 1.167e+00
200: 1.170e+00
210: 1.172e+00
220: 1.170e+00
230: 1.170e+00
240: 1.171e+00
250: 1.172e+00
260: 1.172e+00
270: 1.173e+00
280: 1.175e+00
290: 1.176e+00
300: 1.177e+00
310: 1.178e+00
320: 1.180e+00
330: 1.182e+00
340: 1.181e+00
350: 1.181e+00
360: 1.183e+00
370: 1.184e+00
380: 1.185e+00
390: 1.186e+00
400: 1.188e+00
410: 1.189e+00
420: 1.191e+00
430: 1.192e+00
440: 1.194e+00
450: 1.196e+00
460: 1.198e+00
470: 1.200e+00
480: 1.202e+00
490: 1.204e+00
500: 1.205e+00
