10: 1.018e+00
20: 1.037e+00
30: 1.059e+00
40: 1.071e+00
50: 1.083e+00
60: 1.095e+00
70: 1.098e+00
80: 1.106e+00
90: 1.109e+00
100: 1.114e+00
110: 1.119e+00
120: 1.123e+00
130: 1.127e+00
140: 1.131e+00
150: 1.136e+00
160: 1.139e+00
170: 1.143e+00
180: 1.148e+00
190: 1.154e+00
200: 1.158e+00
210: 1.161e+00
220: 1.163e+00
230: 1.166e+00
240: 1.169e+00
250: 1.171e+00
260: 1.174e+00
270: 1.177e+00
280: 1.179e+00
290: 1.182e+00
300: 1.185e+00
310: 1.188e+00
320: 1.191e+00
330: 1.194e+00
340: 1.195e+00
350: 1.196e+00
360: 1.198e+00
370: 1.201e+00
380: 1.204e+00
390: 1.207e+00
400: 1.211e+00
410: 1.214e+00
420: 1.218e+00
430: 1.221e+00
440: 1.226e+00
450: 1.230e+00
460: 1.235e+00
470: 1.240e+00
480: 1.245e+00
490: 1.249e+00
500: 1.253e+00
