10: 9.938e-01
20: 1.060e+00
30: 1.075e+00
40: 1.088e+00
50: 1.103e+00
60: 1.113e+00
70: 1.111e+00
80: 1.115e+00
90: 1.119e+00
100: 1.120e+00
110: 1.122e+00
120: 1.124e+00
130: 1.127e+00
140: 1.128e+00
150: 1.132e+00
160: 1.134e+00
170: 1.140e+00
180: 1.147e+00
190: 1.152e+00
200: 1.156e+00
210: 1.162e+00
220: 1.160e+00
230: 1.160e+00
240: 1.161e+00
250: 1.162e+00
260: 1.163e+00
270: 1.164e+00
280: 1.167e+00
290: 1.168e+00
300: 1.170e+00
310: 1.173e+00
320: 1.175e+00
330: 1.178e+00
340: 1.179e+00
350: 1.180e+00
360: 1.181e+00
370: 1.183e+00
380: 1.186e+00
390: 1.188e+00
400: 1.191e+00
410: 1.195e+00
420: 1.199e+00
430: 1.203e+00
440: 1.208e+00
450: 1.212e+00
460: 1.217e+00
470: 1.221e+00
480: 1.227e+00
490: 1.231e+00
500: 1.236e+00
