10: 9.999e-01
20: 1.003e+00
30: 1.047e+00
40: 1.058e+00
50: 1.066e+00
60: 1.071e+00
70: 1.071e+00
80: 1.073e+00
90: 1.074e+00
100: 1.075e+00
110: 1.075e+00
120: 1.075e+00
130: 1.076e+00
140: 1.076e+00
150: 1.078e+00
160: 1.078e+00
170: 1.080e+00
180: 1.082e+00
190: 1.084e+00
200: 1.086e+00
210: 1.087e+00
220: 1.087e+00
230: 1.086e+00
240: 1.086e+00
250: 1.086e+00
260: 1.085e+00
270: 1.084e+00
280: 1.085e+00
290: 1.084e+00
300: 1.084e+00
310: 1.085e+00
320: 1.085e+00
330: 1.085e+00
340: 1.085e+00
350: 1.084e+00
360: 1.084e+00
370: 1.083e+00
380: 1.083e+00
390: 1.082e+00
400: 1.082e+00
410: 1.082e+00
420: 1.081e+00
430: 1.081e+00
440: 1.081e+00
450: 1.082e+00
460: 1.082e+00
470: 1.082e+00
480: 1.083e+00
490: 1.083e+00
500: 1.083e+00
