10: 1.016e+00
20: 1.038e+00
30: 1.053e+00
40: 1.058e+00
50: 1.062e+00
60: 1.068e+00
70: 1.068e+00
80: 1.073e+00
90: 1.078e+00
100: 1.084e+00
110: 1.089e+00
120: 1.095e+00
130: 1.099e+00
140: 1.104e+00
150: 1.108e+00
160: 1.111e+00
170: 1.114e+00
180: 1.116e+00
190: 1.117e+00
200: 1.119e+00
210: 1.120e+00
220: 1.123e+00
230: 1.126e+00
240: 1.129e+00
250: 1.132e+00
260: 1.134e+00
270: 1.137e+00
280: 1.139e+00
290: 1.141e+00
300: 1.143e+00
310: 1.145e+00
320: 1.147e+00
330: 1.149e+00
340: 1.151e+00
350: 1.154e+00
360: 1.158e+00
370: 1.162e+00
380: 1.165e+00
390: 1.169e+00
400: 1.172e+00
410: 1.174e+00
420: 1.177e+00
430: 1.180e+00
440: 1.183e+00
450: 1.185e+00
460: 1.188e+00
470: 1.191e+00
480: 1.194e+00
490: 1.196e+00
500: 1.199e+00
