1: 4.824e+01
2: 1.568e+01
3: 4.081e+00
4: 4.114e+00
5: 3.739e+00
6: 3.815e+00
7: 3.963e+00
8: 4.320e+00
9: 4.207e+00
10: 3.962e+00
11: 4.006e+00
12: 4.398e+00
13: 5.151e+00
14: 4.748e+00
15: 4.112e+00
16: 4.590e+00
17: 4.316e+00
18: 4.328e+00
19: 4.301e+00
20: 4.344e+00
21: 4.584e+00
22: 4.253e+00
23: 4.585e+00
24: 4.229e+00
25: 4.283e+00
26: 3.983e+00
27: 3.410e+00
28: 4.096e+00
29: 4.271e+00
30: 4.208e+00
31: 4.307e+00
32: 5.628e+00
33: 4.787e+00
34: 4.870e+00
35: 4.822e+00
36: 5.379e+00
37: 5.093e+00
38: -3.433e+00
39: 2.335e+01
40: 2.102e+01
41: 1.161e+01
42: 1.101e+01
43: 1.223e+01
44: 1.203e+01
45: 1.235e+01
46: 1.109e+01
47: 1.113e+01
48: 1.191e+01
49: 1.172e+01
50: 1.147e+01
51: 1.230e+01
52: 1.169e+01
53: 1.169e+01
54: 1.158e+01
55: 1.217e+01
56: 1.242e+01
57: 1.198e+01
58: 1.166e+01
59: 1.233e+01
60: 1.199e+01
61: 9.456e+00
62: 9.368e+00
63: 4.876e+00
64: 4.919e+00
65: 5.121e+00
66: 5.224e+00
67: 5.801e+00
68: 5.921e+00
69: 5.707e+00
70: 6.268e+00
71: 5.752e+00
72: 5.967e+00
73: 6.242e+00
74: 5.979e+00
75: 6.443e+00
76: 5.785e+00
77: 5.912e+00
78: 6.110e+00
79: 5.796e+00
80: 5.748e+00
81: 6.190e+00
82: 5.501e+00
83: 5.759e+00
84: 6.306e+00
85: 5.398e+00
86: 5.231e+00
87: 5.738e+00
88: 5.790e+00
89: 5.829e+00
90: 5.621e+00
91: 5.135e+00
92: 4.577e+00
93: 4.866e+00
94: 5.011e+00
95: 4.976e+00
96: 5.331e+00
97: 4.994e+00
98: 4.863e+00
99: 5.022e+00
100: 5.532e+00
101: 5.332e+00
102: 5.368e+00
103: 5.155e+00
104: 4.938e+00
105: 5.412e+00
106: 5.341e+00
107: 4.719e+00
108: 4.799e+00
109: 5.052e+00
110: 5.520e+00
111: 5.103e+00
112: 4.627e+00
113: 5.241e+00
114: 4.823e+00
115: 5.131e+00
116: 4.843e+00
117: 5.451e+00
118: 4.932e+00
119: 4.775e+00
120: 5.075e+00
121: 5.294e+00
122: 5.621e+00
123: 5.314e+00
124: 5.267e+00
125: 4.954e+00
126: 5.261e+00
127: 4.899e+00
128: 5.309e+00
129: 4.732e+00
130: 4.928e+00
131: 4.803e+00
132: 4.685e+00
133: 4.637e+00
134: 4.543e+00
135: 4.767e+00
136: 3.735e+00
137: 4.754e+00
138: 4.751e+00
139: 3.686e+00
140: 4.523e+00
141: 4.471e+00
142: 4.840e+00
143: 4.400e+00
144: 5.176e+00
145: 4.602e+00
146: 4.406e+00
147: 4.615e+00
148: 4.586e+00
149: 4.980e+00
150: 4.251e+00
151: 4.515e+00
152: 4.625e+00
153: 4.456e+00
154: 4.815e+00
155: 4.377e+00
156: 4.957e+00
157: 3.808e+00
158: 4.330e+00
159: 4.112e+00
160: 4.363e+00
161: 4.489e+00
162: 4.376e+00
163: 4.129e+00
164: 4.260e+00
165: 4.689e+00
166: 4.464e+00
167: 4.510e+00
168: 4.520e+00
169: 4.474e+00
170: 4.601e+00
171: 4.470e+00
172: 4.511e+00
173: 4.517e+00
174: 4.694e+00
175: 4.711e+00
176: 4.780e+00
177: 4.668e+00
178: 5.031e+00
179: 4.668e+00
180: 4.764e+00
181: 5.081e+00
182: 5.038e+00
183: 4.863e+00
184: 5.069e+00
185: 4.956e+00
186: 5.076e+00
187: 4.904e+00
188: 5.227e+00
189: 5.018e+00
190: 4.963e+00
191: 4.958e+00
192: 5.018e+00
193: 5.096e+00
194: 5.000e+00
195: 5.016e+00
196: 4.821e+00
197: 4.998e+00
198: 4.803e+00
199: 4.503e+00
200: 5.023e+00
201: 4.990e+00
202: 4.914e+00
203: 4.944e+00
204: 5.048e+00
205: 5.445e+00
206: 7.730e+00
207: 7.167e+00
208: 7.426e+00
209: 5.817e+00
210: 5.845e+00
211: 6.171e+00
212: 5.491e+00
213: 6.133e+00
214: 6.310e+00
215: 6.152e+00
216: 4.469e+00
217: 4.297e+00
218: 4.267e+00
219: 4.586e+00
220: 4.187e+00
221: 4.195e+00
222: 3.954e+00
223: 4.086e+00
224: 4.146e+00
225: 4.077e+00
226: 4.089e+00
227: 3.758e+00
228: 4.154e+00
229: 3.992e+00
230: 3.976e+00
231: 4.369e+00
232: 4.127e+00
233: 4.183e+00
234: 4.093e+00
235: 4.166e+00
236: 4.213e+00
237: 3.879e+00
238: 4.084e+00
239: 4.127e+00
240: 4.247e+00
241: 3.951e+00
242: 4.405e+00
243: 3.898e+00
244: 4.402e+00
245: 4.031e+00
246: 4.301e+00
247: 3.973e+00
248: 4.156e+00
249: 4.205e+00
250: 3.852e+00
251: 3.698e+00
252: 3.652e+00
253: 3.869e+00
254: 3.722e+00
255: 3.908e+00
256: 3.854e+00
257: 3.913e+00
258: 3.805e+00
259: 3.869e+00
260: 3.926e+00
261: 4.010e+00
262: 3.921e+00
263: 3.843e+00
264: 3.852e+00
265: 3.844e+00
266: 3.976e+00
267: 3.875e+00
268: 3.995e+00
269: 3.590e+00
270: 3.941e+00
271: 4.039e+00
272: 4.006e+00
273: 3.862e+00
274: 4.058e+00
275: 3.902e+00
276: 4.061e+00
277: 4.090e+00
278: 4.144e+00
279: 3.876e+00
280: 4.052e+00
281: 3.721e+00
282: 3.774e+00
283: 3.810e+00
284: 3.809e+00
285: 3.954e+00
286: 4.053e+00
287: 4.094e+00
288: 3.814e+00
289: 4.007e+00
290: 3.931e+00
291: 3.805e+00
292: 4.151e+00
293: 4.033e+00
294: 3.899e+00
295: 3.755e+00
296: 3.730e+00
297: 3.656e+00
298: 3.870e+00
299: 3.904e+00
300: 3.926e+00
301: 3.928e+00
302: 3.909e+00
303: 3.714e+00
304: 4.070e+00
305: 3.822e+00
306: 3.704e+00
307: 3.821e+00
308: 3.641e+00
309: 4.154e+00
310: 3.989e+00
311: 4.055e+00
312: 3.808e+00
313: 4.136e+00
314: 3.680e+00
315: 3.838e+00
316: 3.751e+00
317: 3.753e+00
318: 3.959e+00
319: 3.922e+00
320: 3.901e+00
321: 3.809e+00
322: 3.693e+00
323: 3.447e+00
324: 3.932e+00
325: 3.894e+00
326: 3.914e+00
327: 4.067e+00
328: 4.017e+00
329: 4.101e+00
330: 3.963e+00
331: 3.844e+00
332: 4.015e+00
333: 4.057e+00
334: 4.045e+00
335: 2.060e+00
336: 3.333e+00
337: 3.588e+00
338: 3.042e+00
339: 3.217e+00
340: 3.064e+00
341: 3.312e+00
342: 3.309e+00
343: 3.135e+00
344: 3.305e+00
345: 3.297e+00
346: 2.958e+00
347: 3.250e+00
348: 3.428e+00
349: 3.407e+00
350: 3.255e+00
351: 3.404e+00
352: 3.046e+00
353: 3.229e+00
354: 3.363e+00
355: 3.082e+00
356: 3.256e+00
357: 3.266e+00
358: 3.150e+00
359: 3.391e+00
360: 3.128e+00
361: 3.186e+00
362: 3.140e+00
363: 3.103e+00
364: 3.050e+00
365: 3.350e+00
366: 3.230e+00
367: 3.183e+00
368: 3.372e+00
369: 3.207e+00
370: 3.143e+00
371: 3.298e+00
372: 2.994e+00
373: 3.285e+00
374: 3.057e+00
375: 3.216e+00
376: 3.285e+00
377: 3.336e+00
378: 3.199e+00
379: 3.041e+00
380: 3.181e+00
381: 3.061e+00
382: 3.588e+00
383: 3.216e+00
384: 3.178e+00
385: 3.183e+00
386: 3.068e+00
387: 3.094e+00
388: 2.985e+00
389: 2.712e+00
390: 3.232e+00
391: 3.098e+00
392: 2.800e+00
393: 2.849e+00
394: 3.072e+00
395: 2.943e+00
396: 2.935e+00
397: 3.151e+00
398: 3.042e+00
399: 2.897e+00
400: 2.995e+00
401: 3.014e+00
402: 2.933e+00
403: 2.970e+00
404: 3.015e+00
405: 2.725e+00
406: 2.752e+00
407: 2.996e+00
408: 2.930e+00
409: 2.996e+00
410: 2.969e+00
411: 2.925e+00
412: 2.999e+00
413: 2.859e+00
414: 3.008e+00
415: 3.039e+00
416: 2.865e+00
417: 2.987e+00
418: 2.972e+00
419: 3.053e+00
420: 3.085e+00
421: 2.737e+00
422: 2.943e+00
423: 3.026e+00
424: 2.926e+00
425: 3.159e+00
426: 2.894e+00
427: 3.066e+00
428: 2.901e+00
429: 3.006e+00
430: 2.969e+00
431: 3.048e+00
432: 3.174e+00
433: 2.930e+00
434: 2.797e+00
435: 2.915e+00
436: 2.982e+00
437: 2.976e+00
438: 2.887e+00
439: 2.977e+00
440: 2.851e+00
441: 3.039e+00
442: 2.980e+00
443: 2.939e+00
444: 3.033e+00
445: 2.909e+00
446: 2.987e+00
447: 3.051e+00
448: 2.979e+00
449: 2.778e+00
450: 2.960e+00
451: 3.026e+00
452: 2.870e+00
453: 2.940e+00
454: 3.009e+00
455: 3.176e+00
456: 3.011e+00
457: 3.002e+00
458: 3.078e+00
459: 2.907e+00
460: 3.091e+00
461: 2.996e+00
462: 2.899e+00
463: 3.255e+00
464: 2.930e+00
465: 2.927e+00
466: 3.144e+00
467: 3.089e+00
468: 3.106e+00
469: 2.876e+00
470: 3.001e+00
471: 3.068e+00
472: 3.174e+00
473: 3.204e+00
474: 3.043e+00
475: 3.148e+00
476: 3.079e+00
477: 3.263e+00
478: 3.035e+00
479: 3.194e+00
480: 3.154e+00
481: 3.011e+00
482: 3.118e+00
483: 3.146e+00
484: 3.044e+00
485: 3.097e+00
486: 3.031e+00
487: 3.116e+00
488: 3.050e+00
489: 3.059e+00
490: 3.059e+00
491: 3.146e+00
492: 3.219e+00
493: 2.948e+00
494: 2.995e+00
495: 2.998e+00
496: 2.981e+00
497: 3.008e+00
498: 2.908e+00
499: 2.912e+00
500: 2.850e+00
