10: 9.996e-01
20: 9.990e-01
30: 9.984e-01
40: 9.989e-01
50: 9.993e-01
60: 9.997e-01
70: 1.000e+00
80: 1.000e+00
90: 1.000e+00
100: 1.000e+00
110: 1.001e+00
120: 1.001e+00
130: 1.001e+00
140: 1.001e+00
150: 1.001e+00
160: 1.001e+00
170: 1.001e+00
180: 1.001e+00
190: 1.001e+00
200: 1.001e+00
210: 1.001e+00
220: 1.002e+00
230: 1.002e+00
240: 1.002e+00
250: 1.002e+00
260: 1.002e+00
270: 1.002e+00
280: 1.002e+00
290: 1.002e+00
300: 1.003e+00
310: 1.002e+00
320: 1.002e+00
330: 1.002e+00
340: 1.002e+00
350: 1.003e+00
360: 1.003e+00
370: 1.003e+00
380: 1.003e+00
390: 1.003e+00
400: 1.003e+00
410: 1.003e+00
420: 1.003e+00
430: 1.003e+00
440: 1.003e+00
450: 1.003e+00
460: 1.003e+00
470: 1.003e+00
480: 1.002e+00
490: 1.002e+00
500: 1.002e+00
